#
# A fatal error has been detected by the Java Runtime Environment:
#
#  Internal Error (javaClasses.cpp:136), pid=6765, tid=140385900877568
#  fatal error: Invalid layout of preloaded class
#
# JRE version:  (7.0_60-b19) (build )
# Java VM: Java HotSpot(TM) 64-Bit Server VM (24.60-b09 mixed mode linux-amd64 compressed oops)
# Failed to write core dump. Core dumps have been disabled. To enable core dumping, try "ulimit -c unlimited" before starting Java again
#
# If you would like to submit a bug report, please visit:
#   http://bugreport.sun.com/bugreport/crash.jsp
#

---------------  T H R E A D  ---------------

Current thread (0x00007fae1c00a800):  JavaThread "Unknown thread" [_thread_in_vm, id=6771, stack(0x00007fae23b0d000,0x00007fae23c0e000)]

Stack: [0x00007fae23b0d000,0x00007fae23c0e000],  sp=0x00007fae23c0c7d0,  free space=1021k
Native frames: (J=compiled Java code, j=interpreted, Vv=VM code, C=native code)
V  [libjvm.so+0x99e7ca]  VMError::report_and_die()+0x2ea
V  [libjvm.so+0x497379]  report_fatal(char const*, int, char const*)+0x59
V  [libjvm.so+0x605470]  compute_offset(int&, klassOopDesc*, Symbol*, Symbol*, bool)+0x140
V  [libjvm.so+0x605fd9]  java_lang_String::compute_offsets()+0x39
V  [libjvm.so+0x925cd5]  SystemDictionary::initialize_preloaded_classes(Thread*)+0x235
V  [libjvm.so+0x973634]  Universe::genesis(Thread*)+0x494
V  [libjvm.so+0x973ae9]  universe2_init()+0x29
V  [libjvm.so+0x5b07dd]  init_globals()+0xbd
V  [libjvm.so+0x95a72d]  Threads::create_vm(JavaVMInitArgs*, bool*)+0x1ed
V  [libjvm.so+0x6387c4]  JNI_CreateJavaVM+0x74
C  [libjli.so+0x2f8e]  JavaMain+0x9e


---------------  P R O C E S S  ---------------

Java Threads: ( => current thread )

Other Threads:

=>0x00007fae1c00a800 (exited) JavaThread "Unknown thread" [_thread_in_vm, id=6771, stack(0x00007fae23b0d000,0x00007fae23c0e000)]

VM state:not at safepoint (not fully initialized)

VM Mutex/Monitor currently owned by a thread: None

GC Heap History (0 events):
No events

Deoptimization events (0 events):
No events

Internal exceptions (0 events):
No events

Events (10 events):
Event: 0.011 loading class 0x00007fae202036f0 done
Event: 0.011 loading class 0x00007fae20203110 done
Event: 0.011 loading class 0x00007fae202030f0
Event: 0.011 loading class 0x00007fae2020b240
Event: 0.011 loading class 0x00007fae2020b240 done
Event: 0.011 loading class 0x00007fae2020b270
Event: 0.011 loading class 0x00007fae2020b270 done
Event: 0.011 loading class 0x00007fae2020b2a0
Event: 0.011 loading class 0x00007fae2020b2a0 done
Event: 0.011 loading class 0x00007fae202030f0 done


Dynamic libraries:
00400000-00401000 r-xp 00000000 08:07 9021                               /usr/lib/jvm/java-7-oracle/bin/java
00600000-00601000 rw-p 00000000 08:07 9021                               /usr/lib/jvm/java-7-oracle/bin/java
00909000-0092a000 rw-p 00000000 00:00 0                                  [heap]
be000000-bf500000 rw-p 00000000 00:00 0 
bf500000-c3200000 rw-p 00000000 00:00 0 
c3200000-c5a80000 rw-p 00000000 00:00 0 
c5a80000-ebb00000 rw-p 00000000 00:00 0 
ebb00000-ecf80000 rw-p 00000000 00:00 0 
ecf80000-100000000 rw-p 00000000 00:00 0 
7fae04000000-7fae04021000 rw-p 00000000 00:00 0 
7fae04021000-7fae08000000 ---p 00000000 00:00 0 
7fae08000000-7fae08021000 rw-p 00000000 00:00 0 
7fae08021000-7fae0c000000 ---p 00000000 00:00 0 
7fae0c000000-7fae0c021000 rw-p 00000000 00:00 0 
7fae0c021000-7fae10000000 ---p 00000000 00:00 0 
7fae11f00000-7fae14000000 rw-p 00000000 00:00 0 
7fae14000000-7fae14021000 rw-p 00000000 00:00 0 
7fae14021000-7fae18000000 ---p 00000000 00:00 0 
7fae18db9000-7fae19000000 rw-p 00000000 00:00 0 
7fae19000000-7fae19270000 rwxp 00000000 00:00 0 
7fae19270000-7fae1c0a0000 rw-p 00000000 00:00 0 
7fae1c0a0000-7fae20000000 ---p 00000000 00:00 0 
7fae200c7000-7fae2018d000 r--s 0116f000 08:11 3286101                    /media/sohjsolwin/f5825862-5431-4491-a1c8-5d1302e1ef73/.app/androidsdk/platforms/android-17/android.jar
7fae2018d000-7fae2046e000 rw-p 00000000 00:00 0 
7fae2046e000-7fae2046f000 ---p 00000000 00:00 0 
7fae2046f000-7fae2056f000 rw-p 00000000 00:00 0                          [stack:6775]
7fae2056f000-7fae20570000 ---p 00000000 00:00 0 
7fae20570000-7fae20670000 rw-p 00000000 00:00 0                          [stack:6774]
7fae20670000-7fae20671000 ---p 00000000 00:00 0 
7fae20671000-7fae20771000 rw-p 00000000 00:00 0                          [stack:6773]
7fae20771000-7fae20772000 ---p 00000000 00:00 0 
7fae20772000-7fae2087d000 rw-p 00000000 00:00 0                          [stack:6772]
7fae2087d000-7fae2089b000 rw-p 00000000 00:00 0 
7fae2089b000-7fae208b0000 rw-p 00000000 00:00 0 
7fae208b0000-7fae209e0000 rw-p 00000000 00:00 0 
7fae209e0000-7fae209eb000 rw-p 00000000 00:00 0 
7fae209eb000-7fae20a09000 rw-p 00000000 00:00 0 
7fae20a09000-7fae20a1e000 rw-p 00000000 00:00 0 
7fae20a1e000-7fae20b4d000 rw-p 00000000 00:00 0 
7fae20b4d000-7fae20b58000 rw-p 00000000 00:00 0 
7fae20b58000-7fae20bf0000 rw-p 00000000 00:00 0 
7fae20bf0000-7fae20bf1000 rw-p 00000000 00:00 0 
7fae20bf1000-7fae20c0b000 r-xp 00000000 08:07 8161                       /usr/lib/jvm/java-7-oracle/jre/lib/amd64/libzip.so
7fae20c0b000-7fae20e0b000 ---p 0001a000 08:07 8161                       /usr/lib/jvm/java-7-oracle/jre/lib/amd64/libzip.so
7fae20e0b000-7fae20e0c000 rw-p 0001a000 08:07 8161                       /usr/lib/jvm/java-7-oracle/jre/lib/amd64/libzip.so
7fae20e0c000-7fae20e17000 r-xp 00000000 08:07 131132                     /lib/x86_64-linux-gnu/libnss_files-2.19.so
7fae20e17000-7fae21016000 ---p 0000b000 08:07 131132                     /lib/x86_64-linux-gnu/libnss_files-2.19.so
7fae21016000-7fae21017000 r--p 0000a000 08:07 131132                     /lib/x86_64-linux-gnu/libnss_files-2.19.so
7fae21017000-7fae21018000 rw-p 0000b000 08:07 131132                     /lib/x86_64-linux-gnu/libnss_files-2.19.so
7fae21018000-7fae21023000 r-xp 00000000 08:07 131250                     /lib/x86_64-linux-gnu/libnss_nis-2.19.so
7fae21023000-7fae21222000 ---p 0000b000 08:07 131250                     /lib/x86_64-linux-gnu/libnss_nis-2.19.so
7fae21222000-7fae21223000 r--p 0000a000 08:07 131250                     /lib/x86_64-linux-gnu/libnss_nis-2.19.so
7fae21223000-7fae21224000 rw-p 0000b000 08:07 131250                     /lib/x86_64-linux-gnu/libnss_nis-2.19.so
7fae21224000-7fae2123b000 r-xp 00000000 08:07 131232                     /lib/x86_64-linux-gnu/libnsl-2.19.so
7fae2123b000-7fae2143a000 ---p 00017000 08:07 131232                     /lib/x86_64-linux-gnu/libnsl-2.19.so
7fae2143a000-7fae2143b000 r--p 00016000 08:07 131232                     /lib/x86_64-linux-gnu/libnsl-2.19.so
7fae2143b000-7fae2143c000 rw-p 00017000 08:07 131232                     /lib/x86_64-linux-gnu/libnsl-2.19.so
7fae2143c000-7fae2143e000 rw-p 00000000 00:00 0 
7fae2143e000-7fae21447000 r-xp 00000000 08:07 131141                     /lib/x86_64-linux-gnu/libnss_compat-2.19.so
7fae21447000-7fae21646000 ---p 00009000 08:07 131141                     /lib/x86_64-linux-gnu/libnss_compat-2.19.so
7fae21646000-7fae21647000 r--p 00008000 08:07 131141                     /lib/x86_64-linux-gnu/libnss_compat-2.19.so
7fae21647000-7fae21648000 rw-p 00009000 08:07 131141                     /lib/x86_64-linux-gnu/libnss_compat-2.19.so
7fae21648000-7fae21652000 r-xp 00000000 08:07 8141                       /usr/lib/jvm/java-7-oracle/jre/lib/amd64/libinstrument.so
7fae21652000-7fae21851000 ---p 0000a000 08:07 8141                       /usr/lib/jvm/java-7-oracle/jre/lib/amd64/libinstrument.so
7fae21851000-7fae21852000 rw-p 00009000 08:07 8141                       /usr/lib/jvm/java-7-oracle/jre/lib/amd64/libinstrument.so
7fae21852000-7fae2187b000 r-xp 00000000 08:07 8140                       /usr/lib/jvm/java-7-oracle/jre/lib/amd64/libjava.so
7fae2187b000-7fae21a7b000 ---p 00029000 08:07 8140                       /usr/lib/jvm/java-7-oracle/jre/lib/amd64/libjava.so
7fae21a7b000-7fae21a7d000 rw-p 00029000 08:07 8140                       /usr/lib/jvm/java-7-oracle/jre/lib/amd64/libjava.so
7fae21a7d000-7fae21a8a000 r-xp 00000000 08:07 8162                       /usr/lib/jvm/java-7-oracle/jre/lib/amd64/libverify.so
7fae21a8a000-7fae21c89000 ---p 0000d000 08:07 8162                       /usr/lib/jvm/java-7-oracle/jre/lib/amd64/libverify.so
7fae21c89000-7fae21c8b000 rw-p 0000c000 08:07 8162                       /usr/lib/jvm/java-7-oracle/jre/lib/amd64/libverify.so
7fae21c8b000-7fae21c92000 r-xp 00000000 08:07 131219                     /lib/x86_64-linux-gnu/librt-2.19.so
7fae21c92000-7fae21e91000 ---p 00007000 08:07 131219                     /lib/x86_64-linux-gnu/librt-2.19.so
7fae21e91000-7fae21e92000 r--p 00006000 08:07 131219                     /lib/x86_64-linux-gnu/librt-2.19.so
7fae21e92000-7fae21e93000 rw-p 00007000 08:07 131219                     /lib/x86_64-linux-gnu/librt-2.19.so
7fae21e93000-7fae21f98000 r-xp 00000000 08:07 131239                     /lib/x86_64-linux-gnu/libm-2.19.so
7fae21f98000-7fae22197000 ---p 00105000 08:07 131239                     /lib/x86_64-linux-gnu/libm-2.19.so
7fae22197000-7fae22198000 r--p 00104000 08:07 131239                     /lib/x86_64-linux-gnu/libm-2.19.so
7fae22198000-7fae22199000 rw-p 00105000 08:07 131239                     /lib/x86_64-linux-gnu/libm-2.19.so
7fae22199000-7fae22d09000 r-xp 00000000 08:07 8171                       /usr/lib/jvm/java-7-oracle/jre/lib/amd64/server/libjvm.so
7fae22d09000-7fae22f08000 ---p 00b70000 08:07 8171                       /usr/lib/jvm/java-7-oracle/jre/lib/amd64/server/libjvm.so
7fae22f08000-7fae22fcc000 rw-p 00b6f000 08:07 8171                       /usr/lib/jvm/java-7-oracle/jre/lib/amd64/server/libjvm.so
7fae22fcc000-7fae2300d000 rw-p 00000000 00:00 0 
7fae2300d000-7fae231c9000 r-xp 00000000 08:07 131266                     /lib/x86_64-linux-gnu/libc-2.19.so
7fae231c9000-7fae233c8000 ---p 001bc000 08:07 131266                     /lib/x86_64-linux-gnu/libc-2.19.so
7fae233c8000-7fae233cc000 r--p 001bb000 08:07 131266                     /lib/x86_64-linux-gnu/libc-2.19.so
7fae233cc000-7fae233ce000 rw-p 001bf000 08:07 131266                     /lib/x86_64-linux-gnu/libc-2.19.so
7fae233ce000-7fae233d3000 rw-p 00000000 00:00 0 
7fae233d3000-7fae233d6000 r-xp 00000000 08:07 131322                     /lib/x86_64-linux-gnu/libdl-2.19.so
7fae233d6000-7fae235d5000 ---p 00003000 08:07 131322                     /lib/x86_64-linux-gnu/libdl-2.19.so
7fae235d5000-7fae235d6000 r--p 00002000 08:07 131322                     /lib/x86_64-linux-gnu/libdl-2.19.so
7fae235d6000-7fae235d7000 rw-p 00003000 08:07 131322                     /lib/x86_64-linux-gnu/libdl-2.19.so
7fae235d7000-7fae235ed000 r-xp 00000000 08:07 7519                       /usr/lib/jvm/java-7-oracle/lib/amd64/jli/libjli.so
7fae235ed000-7fae237ed000 ---p 00016000 08:07 7519                       /usr/lib/jvm/java-7-oracle/lib/amd64/jli/libjli.so
7fae237ed000-7fae237ee000 rw-p 00016000 08:07 7519                       /usr/lib/jvm/java-7-oracle/lib/amd64/jli/libjli.so
7fae237ee000-7fae23807000 r-xp 00000000 08:07 131300                     /lib/x86_64-linux-gnu/libpthread-2.19.so
7fae23807000-7fae23a06000 ---p 00019000 08:07 131300                     /lib/x86_64-linux-gnu/libpthread-2.19.so
7fae23a06000-7fae23a07000 r--p 00018000 08:07 131300                     /lib/x86_64-linux-gnu/libpthread-2.19.so
7fae23a07000-7fae23a08000 rw-p 00019000 08:07 131300                     /lib/x86_64-linux-gnu/libpthread-2.19.so
7fae23a08000-7fae23a0c000 rw-p 00000000 00:00 0 
7fae23a0c000-7fae23a2f000 r-xp 00000000 08:07 131314                     /lib/x86_64-linux-gnu/ld-2.19.so
7fae23a38000-7fae23a57000 rw-p 00000000 00:00 0 
7fae23a57000-7fae23b0d000 rw-p 00000000 00:00 0 
7fae23b0d000-7fae23b10000 ---p 00000000 00:00 0 
7fae23b10000-7fae23c12000 rw-p 00000000 00:00 0                          [stack:6771]
7fae23c20000-7fae23c22000 rw-p 00000000 00:00 0 
7fae23c22000-7fae23c2a000 rw-s 00000000 08:07 3512                       /tmp/hsperfdata_sohjsolwin/6765
7fae23c2a000-7fae23c2b000 rw-p 00000000 00:00 0 
7fae23c2b000-7fae23c2c000 r--p 00000000 00:00 0 
7fae23c2c000-7fae23c2e000 rw-p 00000000 00:00 0 
7fae23c2e000-7fae23c2f000 r--p 00022000 08:07 131314                     /lib/x86_64-linux-gnu/ld-2.19.so
7fae23c2f000-7fae23c30000 rw-p 00023000 08:07 131314                     /lib/x86_64-linux-gnu/ld-2.19.so
7fae23c30000-7fae23c31000 rw-p 00000000 00:00 0 
7ffff6697000-7ffff66b8000 rw-p 00000000 00:00 0                          [stack]
7ffff67fe000-7ffff6800000 r-xp 00000000 00:00 0                          [vdso]
ffffffffff600000-ffffffffff601000 r-xp 00000000 00:00 0                  [vsyscall]

VM Arguments:
jvm_args: -javaagent:/usr/share/java/jayatanaag.jar -Dfile.encoding=ANSI_X3.4-1968 -Xbootclasspath:/home/sohjsolwin/sd/.app/androidsdk/platforms/android-17/android.jar 
java_command: edu.vuum.mocca.Main
Launcher Type: SUN_STANDARD

Environment Variables:
JAVA_TOOL_OPTIONS=-javaagent:/usr/share/java/jayatanaag.jar 
PATH=/home/sohjsolwin/sd/.app/androidsdk/tools:/home/sohjsolwin/sd/.app/androidsdk/platform-tools:/home/sohjsolwin/bin:/usr/local/sbin:/usr/local/bin:/usr/sbin:/usr/bin:/sbin:/bin:/usr/games:/usr/local/games
SHELL=/bin/bash
DISPLAY=:0.0

Signal Handlers:
SIGSEGV: [libjvm.so+0x99f0f0], sa_mask[0]=0x7ffbfeff, sa_flags=0x10000004
SIGBUS: [libjvm.so+0x99f0f0], sa_mask[0]=0x7ffbfeff, sa_flags=0x10000004
SIGFPE: [libjvm.so+0x81a6d0], sa_mask[0]=0x7ffbfeff, sa_flags=0x10000004
SIGPIPE: [libjvm.so+0x81a6d0], sa_mask[0]=0x7ffbfeff, sa_flags=0x10000004
SIGXFSZ: [libjvm.so+0x81a6d0], sa_mask[0]=0x7ffbfeff, sa_flags=0x10000004
SIGILL: [libjvm.so+0x81a6d0], sa_mask[0]=0x7ffbfeff, sa_flags=0x10000004
SIGUSR1: SIG_DFL, sa_mask[0]=0x00000000, sa_flags=0x00000000
SIGUSR2: [libjvm.so+0x81bed0], sa_mask[0]=0x00000004, sa_flags=0x10000004
SIGHUP: SIG_DFL, sa_mask[0]=0x00000000, sa_flags=0x00000000
SIGINT: SIG_DFL, sa_mask[0]=0x00000000, sa_flags=0x00000000
SIGTERM: SIG_DFL, sa_mask[0]=0x00000000, sa_flags=0x00000000
SIGQUIT: SIG_DFL, sa_mask[0]=0x00000000, sa_flags=0x00000000


---------------  S Y S T E M  ---------------

OS:jessie/sid

uname:Linux 3.13.0-29-generic #53-Ubuntu SMP Wed Jun 4 21:00:20 UTC 2014 x86_64
libc:glibc 2.19 NPTL 2.19 
rlimit: STACK 8192k, CORE 0k, NPROC 30943, NOFILE 4096, AS infinity
load average:0.35 0.71 2.43

/proc/meminfo:
MemTotal:        3982308 kB
MemFree:          446828 kB
Buffers:           63432 kB
Cached:          1500640 kB
SwapCached:            0 kB
Active:          2092376 kB
Inactive:        1224224 kB
Active(anon):    1755000 kB
Inactive(anon):   767796 kB
Active(file):     337376 kB
Inactive(file):   456428 kB
Unevictable:         136 kB
Mlocked:             136 kB
SwapTotal:             0 kB
SwapFree:              0 kB
Dirty:                84 kB
Writeback:             0 kB
AnonPages:       1753388 kB
Mapped:           384400 kB
Shmem:            769724 kB
Slab:              96008 kB
SReclaimable:      63680 kB
SUnreclaim:        32328 kB
KernelStack:        4792 kB
PageTables:        41272 kB
NFS_Unstable:          0 kB
Bounce:                0 kB
WritebackTmp:          0 kB
CommitLimit:     1991152 kB
Committed_AS:    6429628 kB
VmallocTotal:   34359738367 kB
VmallocUsed:      360744 kB
VmallocChunk:   34359367600 kB
HardwareCorrupted:     0 kB
AnonHugePages:    778240 kB
HugePages_Total:       0
HugePages_Free:        0
HugePages_Rsvd:        0
HugePages_Surp:        0
Hugepagesize:       2048 kB
DirectMap4k:       77568 kB
DirectMap2M:     4050944 kB


CPU:total 4 (2 cores per cpu, 2 threads per core) family 6 model 58 stepping 9, cmov, cx8, fxsr, mmx, sse, sse2, sse3, ssse3, sse4.1, sse4.2, popcnt, avx, aes, erms, ht, tsc, tscinvbit, tscinv

/proc/cpuinfo:
processor	: 0
vendor_id	: GenuineIntel
cpu family	: 6
model		: 58
model name	: Intel(R) Core(TM) i5-3427U CPU @ 1.80GHz
stepping	: 9
microcode	: 0x12
cpu MHz		: 1600.000
cache size	: 3072 KB
physical id	: 0
siblings	: 4
core id		: 0
cpu cores	: 2
apicid		: 0
initial apicid	: 0
fpu		: yes
fpu_exception	: yes
cpuid level	: 13
wp		: yes
flags		: fpu vme de pse tsc msr pae mce cx8 apic sep mtrr pge mca cmov pat pse36 clflush dts acpi mmx fxsr sse sse2 ss ht tm pbe syscall nx rdtscp lm constant_tsc arch_perfmon pebs bts rep_good nopl xtopology nonstop_tsc aperfmperf eagerfpu pni pclmulqdq dtes64 monitor ds_cpl vmx smx est tm2 ssse3 cx16 xtpr pdcm pcid sse4_1 sse4_2 x2apic popcnt tsc_deadline_timer aes xsave avx f16c rdrand lahf_lm ida arat epb xsaveopt pln pts dtherm tpr_shadow vnmi flexpriority ept vpid fsgsbase smep erms
bogomips	: 3591.80
clflush size	: 64
cache_alignment	: 64
address sizes	: 36 bits physical, 48 bits virtual
power management:

processor	: 1
vendor_id	: GenuineIntel
cpu family	: 6
model		: 58
model name	: Intel(R) Core(TM) i5-3427U CPU @ 1.80GHz
stepping	: 9
microcode	: 0x12
cpu MHz		: 800.000
cache size	: 3072 KB
physical id	: 0
siblings	: 4
core id		: 0
cpu cores	: 2
apicid		: 1
initial apicid	: 1
fpu		: yes
fpu_exception	: yes
cpuid level	: 13
wp		: yes
flags		: fpu vme de pse tsc msr pae mce cx8 apic sep mtrr pge mca cmov pat pse36 clflush dts acpi mmx fxsr sse sse2 ss ht tm pbe syscall nx rdtscp lm constant_tsc arch_perfmon pebs bts rep_good nopl xtopology nonstop_tsc aperfmperf eagerfpu pni pclmulqdq dtes64 monitor ds_cpl vmx smx est tm2 ssse3 cx16 xtpr pdcm pcid sse4_1 sse4_2 x2apic popcnt tsc_deadline_timer aes xsave avx f16c rdrand lahf_lm ida arat epb xsaveopt pln pts dtherm tpr_shadow vnmi flexpriority ept vpid fsgsbase smep erms
bogomips	: 3591.80
clflush size	: 64
cache_alignment	: 64
address sizes	: 36 bits physical, 48 bits virtual
power management:

processor	: 2
vendor_id	: GenuineIntel
cpu family	: 6
model		: 58
model name	: Intel(R) Core(TM) i5-3427U CPU @ 1.80GHz
stepping	: 9
microcode	: 0x12
cpu MHz		: 1801.000
cache size	: 3072 KB
physical id	: 0
siblings	: 4
core id		: 1
cpu cores	: 2
apicid		: 2
initial apicid	: 2
fpu		: yes
fpu_exception	: yes
cpuid level	: 13
wp		: yes
flags		: fpu vme de pse tsc msr pae mce cx8 apic sep mtrr pge mca cmov pat pse36 clflush dts acpi mmx fxsr sse sse2 ss ht tm pbe syscall nx rdtscp lm constant_tsc arch_perfmon pebs bts rep_good nopl xtopology nonstop_tsc aperfmperf eagerfpu pni pclmulqdq dtes64 monitor ds_cpl vmx smx est tm2 ssse3 cx16 xtpr pdcm pcid sse4_1 sse4_2 x2apic popcnt tsc_deadline_timer aes xsave avx f16c rdrand lahf_lm ida arat epb xsaveopt pln pts dtherm tpr_shadow vnmi flexpriority ept vpid fsgsbase smep erms
bogomips	: 3591.80
clflush size	: 64
cache_alignment	: 64
address sizes	: 36 bits physical, 48 bits virtual
power management:

processor	: 3
vendor_id	: GenuineIntel
cpu family	: 6
model		: 58
model name	: Intel(R) Core(TM) i5-3427U CPU @ 1.80GHz
stepping	: 9
microcode	: 0x12
cpu MHz		: 800.000
cache size	: 3072 KB
physical id	: 0
siblings	: 4
core id		: 1
cpu cores	: 2
apicid		: 3
initial apicid	: 3
fpu		: yes
fpu_exception	: yes
cpuid level	: 13
wp		: yes
flags		: fpu vme de pse tsc msr pae mce cx8 apic sep mtrr pge mca cmov pat pse36 clflush dts acpi mmx fxsr sse sse2 ss ht tm pbe syscall nx rdtscp lm constant_tsc arch_perfmon pebs bts rep_good nopl xtopology nonstop_tsc aperfmperf eagerfpu pni pclmulqdq dtes64 monitor ds_cpl vmx smx est tm2 ssse3 cx16 xtpr pdcm pcid sse4_1 sse4_2 x2apic popcnt tsc_deadline_timer aes xsave avx f16c rdrand lahf_lm ida arat epb xsaveopt pln pts dtherm tpr_shadow vnmi flexpriority ept vpid fsgsbase smep erms
bogomips	: 3591.80
clflush size	: 64
cache_alignment	: 64
address sizes	: 36 bits physical, 48 bits virtual
power management:



Memory: 4k page, physical 3982308k(446828k free), swap 0k(0k free)

vm_info: Java HotSpot(TM) 64-Bit Server VM (24.60-b09) for linux-amd64 JRE (1.7.0_60-b19), built on May  7 2014 13:18:30 by "java_re" with gcc 4.3.0 20080428 (Red Hat 4.3.0-8)

time: Sun Jun 22 22:30:17 2014
elapsed time: 0 seconds

